2025-06-14 13:45:11.810291 INFO::Writing function arguments to log file
2025-06-14 13:45:11.811435 DEBUG::Function arguments
2025-06-14 13:45:11.812065 DEBUG::Output folder: 2025-06-14maaslin2_output
2025-06-14 13:45:11.813074 DEBUG::Min Abundance: 0.000000
2025-06-14 13:45:11.813424 DEBUG::Min Prevalence: 0.100000
2025-06-14 13:45:11.813792 DEBUG::Normalization: CSS
2025-06-14 13:45:11.815064 DEBUG::Transform: LOG
2025-06-14 13:45:11.815367 DEBUG::Analysis method: LM
2025-06-14 13:45:11.815615 DEBUG::Max significance: 0.250000
2025-06-14 13:45:11.815867 DEBUG::Random effects:
2025-06-14 13:45:11.816131 DEBUG::Fixed effects: Type
2025-06-14 13:45:11.81641 DEBUG::Correction method: BH
2025-06-14 13:45:11.81672 DEBUG::Standardize: TRUE
2025-06-14 13:45:11.817012 DEBUG::Cores: 1
2025-06-14 13:45:11.821898 INFO::Verifying options selected are valid
2025-06-14 13:45:11.822837 INFO::Determining format of input files
2025-06-14 13:45:11.823645 INFO::Input format is data samples as rows and metadata samples as rows
2025-06-14 13:45:11.826113 DEBUG::A total of 50 samples were found in both the data and metadata
2025-06-14 13:45:11.826781 DEBUG::Reordering data/metadata to use same sample ordering
2025-06-14 13:45:11.828597 INFO::Formula for fixed effects: expr ~  Type
2025-06-14 13:45:11.829624 INFO::Filter data based on min abundance and min prevalence
2025-06-14 13:45:11.830386 INFO::Total samples in data: 50
2025-06-14 13:45:11.831339 INFO::Min samples required with min abundance for a feature not to be filtered: 5.000000
2025-06-14 13:45:11.83398 INFO::Total filtered features: 231
2025-06-14 13:45:11.838989 INFO::Filtered feature names from abundance and prevalence filtering: g__Parascardovia_s__denticolens, g__Prevotella_s__intermedia, g__Fannyhessea_s__sp._HMT_416, g__Streptococcus_s__parasanguinis_clade_721, g__Butyrivibrio_s__sp._HMT_080, g__Porphyromonas_s__uenonis, g__Filifactor_s__alocis, g__Porphyromonas_s__gingivalis, g__Olsenella_s__profusa, g__Klebsiella_s__pneumoniae, g__Prevotella_s__koreensis, g__Prevotella_s__baroniae, g__Saccharibacteria_.TM7._.G.1._s__bacterium_HMT_349, g__Saccharibacteria_.TM7._.G.1._s__bacterium_HMT_347, g__Alloiococcus_s__otitis, g__Limosilactobacillus_s__reuteri_clade_938, g__Prevotella_s__sp._HMT_942, g__Prevotella_s__sp._HMT_306, g__Porphyromonas_s__sp._HMT_277, g__Oribacterium_s__asaccharolyticum, g__Prevotella_s__multiformis, g__Treponema_s__sp._HMT_253, g__Gracilibacteria_.GN02._.G.1._s__bacterium_HMT_871, g__Fretibacterium_s__sp._HMT_360, g__Prevotella_s__jejuni, g__Streptococcus_s__sp._HMT_074, g__Actinomyces_s__graevenitzii, g__Treponema_s__sp._HMT_234, g__Lactobacillus_s__ultunensis, g__Neisseria_s__sp._HMT_499, g__Bacteroidetes_.G.3._s__bacterium_HMT_365, g__Pseudoramibacter_s__alactolyticus, g__Prevotella_s__fusca, g__Treponema_s__sp._HMT_268, g__Lancefieldella_s__sp._HMT_199, g__Desulfobulbus_s__sp._HMT_041, g__Bacteroidetes_.G.3._s__bacterium_HMT_503, g__Veillonellaceae_.G.1._s__bacterium_HMT_145, g__Scardovia_s__inopinata, g__Olsenella_s__uli, g__Capnocytophaga_s__haemolytica, g__Prevotella_s__sp._HMT_443, g__Veillonellaceae_.G.1._s__bacterium_HMT_129, g__Bacteroidetes_.G.3._s__bacterium_HMT_899, g__Cloacibacterium_s__sp._HMT_206, g__Lachnospiraceae_.G.8._s__bacterium_HMT_500, g__Bifidobacterium_s__breve, g__Colibacter_s__massiliensis, g__Shuttleworthia_s__satelles, g__Prevotella_s__sp._HMT_475, g__Neisseria_s__sp._HMT_523, g__Microbacterium_s__flavescens, g__Bulleidia_s__extructa, g__Kingella_s__sp._HMT_012, g__Actinomyces_s__sp._HMT_175, g__Saccharibacteria_.TM7._.G.1._s__bacterium_HMT_869, g__Streptococcus_s__sp._HMT_056, g__Porphyromonas_s__asaccharolytica, g__Treponema_s__sp._HMT_247, g__Prevotella_s__shahii, g__Prevotella_s__buccae, g__Selenomonas_s__sp._HMT_133, g__Lactobacillus_s__acidophilus, g__Limosilactobacillus_s__vaginalis, g__Brucella_s__anthropi, g__Fretibacterium_s__sp._HMT_358, g__Capnocytophaga_s__sp._HMT_332, g__Treponema_s__sp._HMT_228, g__Treponema_s__sp._HMT_951, g__Roseomonas_s__mucosa, g__Peptostreptococcaceae_.G.5._s__bacterium_HMT_493, g__Lentilactobacillus_s__buchneri, g__Peptostreptococcaceae_.G.7._s__bacterium_HMT_081, g__Stomatobaculum_s__sp._HMT_373, g__Capnocytophaga_s__sp._HMT_902, g__Aggregatibacter_s__sp._HMT_898, g__Anaeroglobus_s__geminatus, g__Bosea_s__vestrisii, g__Bacteroidetes_.G.3._s__bacterium_HMT_281, g__Lachnoanaerobaculum_s__sp._HMT_089, g__Lawsonella_s__clevelandensis, g__Neisseria_s__sp._HMT_018, g__Schaalia_s__lingnae, g__Prevotella_s__dentalis, g__Peptostreptococcaceae_.G.6._s__.Eubacterium._nodatum, g__Campylobacter_s__curvus, g__Prevotella_s__loescheii, g__Centipeda_s__periodontii, g__Aggregatibacter_s__actinomycetemcomitans, g__Capnocytophaga_s__sp._HMT_901, g__Limosilactobacillus_s__oris, g__Leptotrichia_s__sp._HMT_223, g__Weeksellaceae_.G.1._s__sp._HMT_931, g__Schaalia_s__sp._HMT_172, g__Capnocytophaga_s__sp._HMT_878, g__Selenomonas_s__dianae, g__Treponema_s__vincentii, g__Treponema_s__sp._HMT_252, g__Eggerthia_s__catenaformis, g__Prevotella_s__sp._HMT_304, g__Saccharibacteria_.TM7._.G.1._s__bacterium_HMT_352, g__Lachnospiraceae_.G.7._s__bacterium_HMT_163, g__Saccharibacteria_.TM7._.G.4._s__bacterium_HMT_355, g__Treponema_s__sp._HMT_262, g__Treponema_s__sp._HMT_226, g__Fusobacterium_s__sp._HMT_204, g__Mogibacterium_s__timidum, g__Bacteroides_s__zoogleoformans, g__Dietzia_s__cinnamea, g__Treponema_s__parvum, g__Dialister_s__sp._HMT_119, g__Haemophilus_s__pittmaniae, g__Treponema_s__sp._HMT_236, g__Peptoniphilus_s__lacrimalis, g__Corynebacterium_s__coyleae, g__Streptococcus_s__pneumoniae, g__Capnocytophaga_s__sp._HMT_335, g__Prevotella_s__buccalis, g__Treponema_s__sp._HMT_230, g__Prevotella_s__sp._HMT_301, g__Treponema_s__sp._HMT_257, g__Leptotrichia_s__sp._HMT_879, g__Actinomyces_s__johnsonii, g__Haemophilus_s__sputorum, g__Corynebacterium_s__tuberculostearicum, g__Simonsiella_s__muelleri, g__Mycoplasma_s__faucium, g__Anaerococcus_s__prevotii, g__Mycolicibacterium_s__neoaurum, g__Haemophilus_s__influenzae, g__Stomatobaculum_s__sp._HMT_910, g__Cloacibacterium_s__normanense, g__Catonella_s__sp._HMT_451, g__Peptoniphilus_s__sp._HMT_187, g__Prevotella_s__sp._HMT_376, g__Schaalia_s__georgiae, g__Ligilactobacillus_s__salivarius, g__Actinomyces_s__sp._HMT_525, g__Mitsuokella_s__sp._HMT_131, g__Leptotrichia_s__sp._HMT_463, g__Bacteroidetes_.G.3._s__bacterium_HMT_280, g__Schaalia_s__sp._HMT_877, g__Lachnospiraceae_.G.2._s__bacterium_HMT_096, g__Leptotrichia_s__sp._HMT_218, g__Actinomyces_s__sp._HMT_897, g__Erysipelotrichaceae_.G.1._s__bacterium_HMT_905, g__Mitsuokella_s__sp._HMT_521, g__Peptoniphilus_s__sp._HMT_386, g__Veillonellaceae_.G.1._s__bacterium_HMT_135, g__Anaerolineae_.G.1._s__bacterium_HMT_439, g__Prevotella_s__bivia, g__Ruminococcaceae_.G.2._s__bacterium_HMT_085, g__Lactobacillus_s__crispatus, g__Treponema_s__medium, g__Ralstonia_s__pickettii, g__Oribacterium_s__parvum, g__Aeriscardovia_s__bacterium_HMT_407, g__Kocuria_s__rhizophila, g__Leptotrichia_s__sp._HMT_217, g__Arachnia_s__rubra, g__Actinomyces_s__sp._HMT_448, g__Dialister_s__micraerophilus, g__Clostridiales_.F.1..G.1._s__bacterium_HMT_093, g__Corynebacterium_s__simulans, g__Aggregatibacter_s__sp._HMT_949, g__Paenibacillus_s__glucanolyticus, g__Paracoccus_s__yeei, g__Treponema_s__sp._HMT_235, g__Lacticaseibacillus_s__paracasei, g__Desulfovibrio_s__fairfieldensis, g__Saccharibacteria_.TM7._.G.5._s__bacterium_HMT_356, g__Peptostreptococcaceae_.G.2._s__bacterium_HMT_091, g__Treponema_s__amylovorum, g__Prevotella_s__enoeca, g__Janibacter_s__indicus, g__Propionibacteriaceae_.G.2._s__bacterium_HMT_192, g__Fastidiosipila_s__sanguinis, g__Treponema_s__sp._HMT_517, g__Peptoniphilus_s__sp._HMT_375, g__Veillonella_s__rogosae, g__Clostridiales_.F.1..G.2._s__bacterium_HMT_402, g__Actinomyces_s__israelii, g__Listeria_s__monocytogenes, g__Selenomonas_s__sp._HMT_442, g__Desulfovibrio_s__sp._HMT_040, g__Treponema_s__pectinovorum, g__Actinomyces_s__sp._HMT_896, g__Pedobacter_s__sp._HMT_318, g__Streptococcus_s__downei, g__Prevotella_s__aurantiaca, g__Treponema_s__sp._HMT_238, g__Capnocytophaga_s__sp._HMT_903, g__Mesorhizobium_s__japonicum, g__Treponema_s__sp._HMT_270, g__Cutibacterium_s__avidum, g__Cutibacterium_s__sp._HMT_193, g__Fretibacterium_s__sp._HMT_362, g__Corynebacterium_s__striatum, g__Peptostreptococcaceae_.G.5._s__.Eubacterium._saphenum, g__Gracilibacteria_.GN02._.G.2._s__bacterium_HMT_873, g__Propionibacteriaceae_.G.1._s__bacterium_HMT_915, g__Eikenella_s__sp._HMT_011, g__Actinomyces_s__sp._HMT_170, g__Capnocytophaga_s__sp._HMT_863, g__Erysipelothrix_s__tonsillarum, g__Prevotella_s__sp._HMT_396, g__Enterobacter_s__cancerogenus, g__Streptococcus_s__peroris, g__Veillonella_s__denticariosi, g__Corynebacterium_s__aurimucosum, g__Prevotella_s__sp._HMT_293, g__Neisseria_s__weaveri, g__Saccharibacteria_.TM7._.G.2._s__bacterium_HMT_350, g__Selenomonas_s__sp._HMT_937, g__Enterococcus_s__casseliflavus, g__Selenomonas_s__sp._HMT_478, g__Haemophilus_s__aegyptius, g__Peptoniphilaceae_.G.3._s__bacterium_HMT_929, g__Butyrivibrio_s__sp._HMT_455, g__Treponema_s__sp._HMT_251, g__Fusobacterium_s__sp._HMT_370, g__Selenomonas_s__sp._HMT_920, g__Prevotella_s__oralis, g__Serratia_s__marcescens, g__Kingella_s__sp._HMT_932, g__Prevotella_s__sp._HMT_309, g__Fretibacterium_s__sp._HMT_361, g__Bacteroidetes_.G.5._s__bacterium_HMT_505, g__Prevotella_s__scopos, g__Treponema_s__sp._HMT_271, g__Sneathia_s__sanguinegens
2025-06-14 13:45:11.842057 INFO::Total filtered features with variance filtering: 0
2025-06-14 13:45:11.843052 INFO::Filtered feature names from variance filtering:
2025-06-14 13:45:11.843837 INFO::Running selected normalization method: CSS
2025-06-14 13:45:11.892993 INFO::Applying z-score to standardize continuous metadata
2025-06-14 13:45:11.895454 INFO::Running selected transform method: LOG
2025-06-14 13:45:11.897952 INFO::Running selected analysis method: LM
2025-06-14 13:45:11.899208 INFO::Fitting model to feature number 1, g__Lautropia_s__mirabilis
2025-06-14 13:45:11.901112 INFO::Fitting model to feature number 2, g__Streptococcus_s__oralis_subsp._dentisani_clade_058
2025-06-14 13:45:11.904583 INFO::Fitting model to feature number 3, g__Fusobacterium_s__nucleatum
2025-06-14 13:45:11.906907 INFO::Fitting model to feature number 4, g__Neisseria_s__flava
2025-06-14 13:45:11.908674 INFO::Fitting model to feature number 5, g__Streptococcus_s__anginosus
2025-06-14 13:45:11.910274 INFO::Fitting model to feature number 6, g__Leptotrichia_s__shahii
2025-06-14 13:45:11.912443 INFO::Fitting model to feature number 7, g__Streptococcus_s__sanguinis
2025-06-14 13:45:11.913869 INFO::Fitting model to feature number 8, g__Bacteroidales_.G.2._s__bacterium_HMT_274
2025-06-14 13:45:11.915383 INFO::Fitting model to feature number 9, g__Capnocytophaga_s__sputigena
2025-06-14 13:45:11.917219 INFO::Fitting model to feature number 10, g__Haemophilus_s__parainfluenzae
2025-06-14 13:45:11.920976 INFO::Fitting model to feature number 11, g__Abiotrophia_s__defectiva
2025-06-14 13:45:11.923 INFO::Fitting model to feature number 12, g__Peptostreptococcus_s__stomatis
2025-06-14 13:45:11.925075 INFO::Fitting model to feature number 13, g__Parvimonas_s__micra
2025-06-14 13:45:11.926512 INFO::Fitting model to feature number 14, g__Veillonella_s__parvula
2025-06-14 13:45:11.928096 INFO::Fitting model to feature number 15, g__Leptotrichia_s__hongkongensis
2025-06-14 13:45:11.929758 INFO::Fitting model to feature number 16, g__Lactobacillus_s__gasseri
2025-06-14 13:45:11.931352 INFO::Fitting model to feature number 17, g__Gemella_s__haemolysans
2025-06-14 13:45:11.932853 INFO::Fitting model to feature number 18, g__Parvimonas_s__sp._HMT_110
2025-06-14 13:45:11.934676 INFO::Fitting model to feature number 19, g__Prevotella_s__nigrescens
2025-06-14 13:45:11.939463 INFO::Fitting model to feature number 20, g__Prevotella_s__sp._HMT_472
2025-06-14 13:45:11.940882 INFO::Fitting model to feature number 21, g__Treponema_s__lecithinolyticum
2025-06-14 13:45:11.942978 INFO::Fitting model to feature number 22, g__Leptotrichia_s__sp._HMT_417
2025-06-14 13:45:11.944363 INFO::Fitting model to feature number 23, g__Streptococcus_s__intermedius
2025-06-14 13:45:11.945786 INFO::Fitting model to feature number 24, g__Prevotella_s__denticola
2025-06-14 13:45:11.947676 INFO::Fitting model to feature number 25, g__Campylobacter_s__rectus
2025-06-14 13:45:11.94923 INFO::Fitting model to feature number 26, g__Tannerella_s__forsythia
2025-06-14 13:45:11.950969 INFO::Fitting model to feature number 27, g__Dialister_s__invisus
2025-06-14 13:45:11.968753 INFO::Fitting model to feature number 28, g__Prevotella_s__saccharolytica
2025-06-14 13:45:11.971997 INFO::Fitting model to feature number 29, g__Clostridiales_.F.3..G.1._s__bacterium_HMT_876
2025-06-14 13:45:11.973647 INFO::Fitting model to feature number 30, g__Porphyromonas_s__pasteri
2025-06-14 13:45:11.975625 INFO::Fitting model to feature number 31, g__Solobacterium_s__moorei
2025-06-14 13:45:11.977012 INFO::Fitting model to feature number 32, g__Campylobacter_s__gracilis
2025-06-14 13:45:11.978634 INFO::Fitting model to feature number 33, g__Neisseria_s__flavescens
2025-06-14 13:45:11.980698 INFO::Fitting model to feature number 34, g__Streptococcus_s__mutans
2025-06-14 13:45:11.982226 INFO::Fitting model to feature number 35, g__Porphyromonas_s__endodontalis
2025-06-14 13:45:11.983711 INFO::Fitting model to feature number 36, g__Veillonella_s__dispar
2025-06-14 13:45:11.98592 INFO::Fitting model to feature number 37, g__Prevotella_s__salivae
2025-06-14 13:45:11.987985 INFO::Fitting model to feature number 38, g__Prevotella_s__oris
2025-06-14 13:45:11.98987 INFO::Fitting model to feature number 39, g__Neisseria_s__perflava
2025-06-14 13:45:11.992067 INFO::Fitting model to feature number 40, g__Neisseria_s__elongata
2025-06-14 13:45:11.993696 INFO::Fitting model to feature number 41, g__Granulicatella_s__adiacens
2025-06-14 13:45:11.995159 INFO::Fitting model to feature number 42, g__Lacticaseibacillus_s__casei
2025-06-14 13:45:11.997047 INFO::Fitting model to feature number 43, g__Haemophilus_s__sp._HMT_036
2025-06-14 13:45:11.998425 INFO::Fitting model to feature number 44, g__Streptococcus_s__sobrinus
2025-06-14 13:45:11.999834 INFO::Fitting model to feature number 45, g__Veillonella_s__sp._HMT_780
2025-06-14 13:45:12.00746 INFO::Fitting model to feature number 46, g__Capnocytophaga_s__endodontalis
2025-06-14 13:45:12.011252 INFO::Fitting model to feature number 47, g__Treponema_s__socranskii
2025-06-14 13:45:12.012864 INFO::Fitting model to feature number 48, g__Leptotrichia_s__wadei
2025-06-14 13:45:12.01757 INFO::Fitting model to feature number 49, g__Neisseria_s__cinerea
2025-06-14 13:45:12.019425 INFO::Fitting model to feature number 50, g__Cardiobacterium_s__hominis
2025-06-14 13:45:12.021149 INFO::Fitting model to feature number 51, g__Peptidiphaga_s__sp._HMT_183
2025-06-14 13:45:12.023188 INFO::Fitting model to feature number 52, g__Streptococcus_s__gordonii
2025-06-14 13:45:12.024993 INFO::Fitting model to feature number 53, g__Prevotella_s__veroralis
2025-06-14 13:45:12.026479 INFO::Fitting model to feature number 54, g__Actinomyces_s__gerencseriae
2025-06-14 13:45:12.028294 INFO::Fitting model to feature number 55, g__Prevotella_s__histicola
2025-06-14 13:45:12.029588 INFO::Fitting model to feature number 56, g__Catonella_s__morbi
2025-06-14 13:45:12.030998 INFO::Fitting model to feature number 57, g__Alloprevotella_s__tannerae
2025-06-14 13:45:12.03302 INFO::Fitting model to feature number 58, g__Oribacterium_s__sp._HMT_078
2025-06-14 13:45:12.034568 INFO::Fitting model to feature number 59, g__Capnocytophaga_s__sp._HMT_864
2025-06-14 13:45:12.036041 INFO::Fitting model to feature number 60, g__Saccharibacteria_.TM7._.G.1._s__bacterium_HMT_346
2025-06-14 13:45:12.037885 INFO::Fitting model to feature number 61, g__Prevotella_s__melaninogenica
2025-06-14 13:45:12.039598 INFO::Fitting model to feature number 62, g__Granulicatella_s__elegans
2025-06-14 13:45:12.042328 INFO::Fitting model to feature number 63, g__Tannerella_s__sp._HMT_286
2025-06-14 13:45:12.044358 INFO::Fitting model to feature number 64, g__Ruminococcaceae_.G.1._s__bacterium_HMT_075
2025-06-14 13:45:12.04582 INFO::Fitting model to feature number 65, g__Porphyromonas_s__sp._HMT_930
2025-06-14 13:45:12.047499 INFO::Fitting model to feature number 66, g__Lancefieldella_s__rimae
2025-06-14 13:45:12.049881 INFO::Fitting model to feature number 67, g__Bacteroidetes_.G.5._s__bacterium_HMT_511
2025-06-14 13:45:12.058494 INFO::Fitting model to feature number 68, g__Veillonella_s__atypica
2025-06-14 13:45:12.060045 INFO::Fitting model to feature number 69, g__Fretibacterium_s__sp._HMT_359
2025-06-14 13:45:12.063454 INFO::Fitting model to feature number 70, g__Haemophilus_s__haemolyticus
2025-06-14 13:45:12.065008 INFO::Fitting model to feature number 71, g__Dialister_s__pneumosintes
2025-06-14 13:45:12.066968 INFO::Fitting model to feature number 72, g__Rothia_s__dentocariosa
2025-06-14 13:45:12.069716 INFO::Fitting model to feature number 73, g__Prevotella_s__sp._HMT_317
2025-06-14 13:45:12.07144 INFO::Fitting model to feature number 74, g__Saccharibacteria_.TM7._.G.1._s__bacterium_HMT_348
2025-06-14 13:45:12.07317 INFO::Fitting model to feature number 75, g__Capnocytophaga_s__sp._HMT_336
2025-06-14 13:45:12.075 INFO::Fitting model to feature number 76, g__Treponema_s__denticola
2025-06-14 13:45:12.076583 INFO::Fitting model to feature number 77, g__Riemerella_s__sp._HMT_322
2025-06-14 13:45:12.078202 INFO::Fitting model to feature number 78, g__Alloprevotella_s__sp._HMT_473
2025-06-14 13:45:12.080251 INFO::Fitting model to feature number 79, g__Megasphaera_s__micronuciformis
2025-06-14 13:45:12.081781 INFO::Fitting model to feature number 80, g__Selenomonas_s__noxia
2025-06-14 13:45:12.083257 INFO::Fitting model to feature number 81, g__Kingella_s__oralis
2025-06-14 13:45:12.085147 INFO::Fitting model to feature number 82, g__Prevotella_s__sp._HMT_292
2025-06-14 13:45:12.089167 INFO::Fitting model to feature number 83, g__Prevotella_s__oulorum
2025-06-14 13:45:12.090904 INFO::Fitting model to feature number 84, g__Prevotella_s__nanceiensis
2025-06-14 13:45:12.092764 INFO::Fitting model to feature number 85, g__Capnocytophaga_s__leadbetteri
2025-06-14 13:45:12.094389 INFO::Fitting model to feature number 86, g__Mycoplasma_s__salivarium
2025-06-14 13:45:12.096021 INFO::Fitting model to feature number 87, g__Corynebacterium_s__matruchotii
2025-06-14 13:45:12.097913 INFO::Fitting model to feature number 88, g__Saccharibacteria_.TM7._.G.3._s__bacterium_HMT_351
2025-06-14 13:45:12.09948 INFO::Fitting model to feature number 89, g__Treponema_s__sp._HMT_231
2025-06-14 13:45:12.101006 INFO::Fitting model to feature number 90, g__Fusobacterium_s__periodonticum
2025-06-14 13:45:12.102888 INFO::Fitting model to feature number 91, g__Stomatobaculum_s__longum
2025-06-14 13:45:12.104408 INFO::Fitting model to feature number 92, g__Streptococcus_s__salivarius
2025-06-14 13:45:12.10631 INFO::Fitting model to feature number 93, g__Neisseria_s__subflava
2025-06-14 13:45:12.108295 INFO::Fitting model to feature number 94, g__Rothia_s__aeria
2025-06-14 13:45:12.109891 INFO::Fitting model to feature number 95, g__Lachnoanaerobaculum_s__saburreum
2025-06-14 13:45:12.111398 INFO::Fitting model to feature number 96, g__Capnocytophaga_s__gingivalis
2025-06-14 13:45:12.113189 INFO::Fitting model to feature number 97, g__Actinomyces_s__sp._HMT_169
2025-06-14 13:45:12.114715 INFO::Fitting model to feature number 98, g__Pseudoleptotrichia_s__goodfellowii
2025-06-14 13:45:12.116376 INFO::Fitting model to feature number 99, g__Gemella_s__morbillorum
2025-06-14 13:45:12.118197 INFO::Fitting model to feature number 100, g__Capnocytophaga_s__sp._HMT_338
2025-06-14 13:45:12.119563 INFO::Fitting model to feature number 101, g__Cardiobacterium_s__valvarum
2025-06-14 13:45:12.122489 INFO::Fitting model to feature number 102, g__Neisseria_s__oralis
2025-06-14 13:45:12.124521 INFO::Fitting model to feature number 103, g__Leptotrichia_s__sp._HMT_225
2025-06-14 13:45:12.126212 INFO::Fitting model to feature number 104, g__Leptotrichia_s__buccalis
2025-06-14 13:45:12.127698 INFO::Fitting model to feature number 105, g__Streptococcus_s__constellatus
2025-06-14 13:45:12.129758 INFO::Fitting model to feature number 106, g__Peptococcus_s__sp._HMT_167
2025-06-14 13:45:12.131294 INFO::Fitting model to feature number 107, g__Selenomonas_s__sp._HMT_136
2025-06-14 13:45:12.132814 INFO::Fitting model to feature number 108, g__Streptococcus_s__cristatus_clade_578
2025-06-14 13:45:12.134894 INFO::Fitting model to feature number 109, g__Aggregatibacter_s__paraphrophilus
2025-06-14 13:45:12.140588 INFO::Fitting model to feature number 110, g__Fusobacterium_s__hwasookii
2025-06-14 13:45:12.142504 INFO::Fitting model to feature number 111, g__Aggregatibacter_s__aphrophilus
2025-06-14 13:45:12.144504 INFO::Fitting model to feature number 112, g__Corynebacterium_s__durum
2025-06-14 13:45:12.145941 INFO::Fitting model to feature number 113, g__Fusobacterium_s__naviforme
2025-06-14 13:45:12.147357 INFO::Fitting model to feature number 114, g__Lachnoanaerobaculum_s__umeaense
2025-06-14 13:45:12.149143 INFO::Fitting model to feature number 115, g__Leptotrichia_s__sp._HMT_392
2025-06-14 13:45:12.150797 INFO::Fitting model to feature number 116, g__Capnocytophaga_s__granulosa
2025-06-14 13:45:12.152747 INFO::Fitting model to feature number 117, g__Leptotrichia_s__hofstadii
2025-06-14 13:45:12.15483 INFO::Fitting model to feature number 118, g__Prevotella_s__pleuritidis
2025-06-14 13:45:12.15668 INFO::Fitting model to feature number 119, g__Treponema_s__maltophilum
2025-06-14 13:45:12.158217 INFO::Fitting model to feature number 120, g__Actinomyces_s__oris
2025-06-14 13:45:12.166055 INFO::Fitting model to feature number 121, g__Actinomyces_s__massiliensis
2025-06-14 13:45:12.167894 INFO::Fitting model to feature number 122, g__Bifidobacterium_s__dentium
2025-06-14 13:45:12.170302 INFO::Fitting model to feature number 123, g__Fusobacterium_s__sp._HMT_203
2025-06-14 13:45:12.172787 INFO::Fitting model to feature number 124, g__Peptostreptococcaceae_.G.7._s__.Eubacterium._yurii_subsps._yurii_._margaretiae
2025-06-14 13:45:12.174337 INFO::Fitting model to feature number 125, g__Saccharibacteria_.TM7._.G.6._s__bacterium_HMT_870
2025-06-14 13:45:12.177122 INFO::Fitting model to feature number 126, g__Campylobacter_s__concisus
2025-06-14 13:45:12.180029 INFO::Fitting model to feature number 127, g__Selenomonas_s__sputigena
2025-06-14 13:45:12.181739 INFO::Fitting model to feature number 128, g__Porphyromonas_s__catoniae
2025-06-14 13:45:12.183205 INFO::Fitting model to feature number 129, g__Cryptobacterium_s__curtum
2025-06-14 13:45:12.185495 INFO::Fitting model to feature number 130, g__Streptococcus_s__lactarius
2025-06-14 13:45:12.187224 INFO::Fitting model to feature number 131, g__Fretibacterium_s__fastidiosum
2025-06-14 13:45:12.188832 INFO::Fitting model to feature number 132, g__Fusobacterium_s__sp._HMT_248
2025-06-14 13:45:12.19065 INFO::Fitting model to feature number 133, g__Arachnia_s__propionica
2025-06-14 13:45:12.192245 INFO::Fitting model to feature number 134, g__Peptostreptococcaceae_.G.1._s__.Eubacterium._sulci
2025-06-14 13:45:12.193813 INFO::Fitting model to feature number 135, g__Aggregatibacter_s__sp._HMT_458
2025-06-14 13:45:12.196384 INFO::Fitting model to feature number 136, g__Porphyromonas_s__sp._HMT_278
2025-06-14 13:45:12.198135 INFO::Fitting model to feature number 137, g__Selenomonas_s__infelix
2025-06-14 13:45:12.200309 INFO::Fitting model to feature number 138, g__Selenomonas_s__sp._HMT_936
2025-06-14 13:45:12.20911 INFO::Fitting model to feature number 139, g__Pseudoleptotrichia_s__sp._HMT_221
2025-06-14 13:45:12.210802 INFO::Fitting model to feature number 140, g__Aggregatibacter_s__sp._HMT_513
2025-06-14 13:45:12.21243 INFO::Fitting model to feature number 141, g__Leptotrichia_s__sp._HMT_215
2025-06-14 13:45:12.214395 INFO::Fitting model to feature number 142, g__Rothia_s__mucilaginosa
2025-06-14 13:45:12.215906 INFO::Fitting model to feature number 143, g__Actinomyces_s__naeslundii
2025-06-14 13:45:12.217557 INFO::Fitting model to feature number 144, g__Schaalia_s__sp._HMT_180
2025-06-14 13:45:12.223709 INFO::Fitting model to feature number 145, g__Streptococcus_s__parasanguinis_clade_411
2025-06-14 13:45:12.225462 INFO::Fitting model to feature number 146, g__Eikenella_s__corrodens
2025-06-14 13:45:12.227077 INFO::Fitting model to feature number 147, g__Aggregatibacter_s__sp._HMT_512
2025-06-14 13:45:12.229161 INFO::Fitting model to feature number 148, g__Afipia_s__broomeae
2025-06-14 13:45:12.230576 INFO::Fitting model to feature number 149, g__Scardovia_s__wiggsiae
2025-06-14 13:45:12.231987 INFO::Fitting model to feature number 150, g__Alloprevotella_s__sp._HMT_912
2025-06-14 13:45:12.233752 INFO::Fitting model to feature number 151, g__Porphyromonas_s__sp._HMT_284
2025-06-14 13:45:12.236081 INFO::Fitting model to feature number 152, g__Leptotrichia_s__sp._HMT_498
2025-06-14 13:45:12.237769 INFO::Fitting model to feature number 153, g__Selenomonas_s__sp._HMT_146
2025-06-14 13:45:12.240123 INFO::Fitting model to feature number 154, g__Kingella_s__denitrificans
2025-06-14 13:45:12.241754 INFO::Fitting model to feature number 155, g__Capnocytophaga_s__sp._HMT_412
2025-06-14 13:45:12.24327 INFO::Fitting model to feature number 156, g__Lachnospiraceae_.G.3._s__bacterium_HMT_100
2025-06-14 13:45:12.245112 INFO::Fitting model to feature number 157, g__Saccharibacteria_.TM7._.G.1._s__bacterium_HMT_952
2025-06-14 13:45:12.246753 INFO::Fitting model to feature number 158, g__Johnsonella_s__ignava
2025-06-14 13:45:12.248282 INFO::Fitting model to feature number 159, g__Alloprevotella_s__sp._HMT_308
2025-06-14 13:45:12.25009 INFO::Fitting model to feature number 160, g__Alloprevotella_s__sp._HMT_914
2025-06-14 13:45:12.251558 INFO::Fitting model to feature number 161, g__Selenomonas_s__sp._HMT_134
2025-06-14 13:45:12.255944 INFO::Fitting model to feature number 162, g__Leptotrichia_s__sp._HMT_212
2025-06-14 13:45:12.258046 INFO::Fitting model to feature number 163, g__Peptostreptococcaceae_.G.1._s__.Eubacterium._infirmum
2025-06-14 13:45:12.263145 INFO::Fitting model to feature number 164, g__Peptostreptococcaceae_.G.9._s__.Eubacterium._brachy
2025-06-14 13:45:12.264596 INFO::Fitting model to feature number 165, g__Treponema_s__sp._HMT_237
2025-06-14 13:45:12.2664 INFO::Fitting model to feature number 166, g__Prevotella_s__marshii
2025-06-14 13:45:12.269302 INFO::Fitting model to feature number 167, g__Actinomyces_s__sp._HMT_171
2025-06-14 13:45:12.273271 INFO::Fitting model to feature number 168, g__Veillonellaceae_.G.1._s__bacterium_HMT_150
2025-06-14 13:45:12.275168 INFO::Fitting model to feature number 169, g__Lancefieldella_s__parvula
2025-06-14 13:45:12.276497 INFO::Fitting model to feature number 170, g__Prevotella_s__micans
2025-06-14 13:45:12.27781 INFO::Fitting model to feature number 171, g__Peptococcus_s__sp._HMT_168
2025-06-14 13:45:12.27948 INFO::Fitting model to feature number 172, g__Prevotella_s__maculosa
2025-06-14 13:45:12.280895 INFO::Fitting model to feature number 173, g__Prevotella_s__pallens
2025-06-14 13:45:12.282274 INFO::Fitting model to feature number 174, g__Capnocytophaga_s__sp._HMT_323
2025-06-14 13:45:12.284052 INFO::Fitting model to feature number 175, g__Haemophilus_s__paraphrohaemolyticus
2025-06-14 13:45:12.28592 INFO::Fitting model to feature number 176, g__Pseudoleptotrichia_s__sp._HMT_219
2025-06-14 13:45:12.287561 INFO::Fitting model to feature number 177, g__Olsenella_s__sp._HMT_807
2025-06-14 13:45:12.289655 INFO::Fitting model to feature number 178, g__Acidipropionibacterium_s__acidifaciens
2025-06-14 13:45:12.291384 INFO::Fitting model to feature number 179, g__Peptidiphaga_s__gingivicola
2025-06-14 13:45:12.292961 INFO::Fitting model to feature number 180, g__Selenomonas_s__artemidis
2025-06-14 13:45:12.294787 INFO::Fitting model to feature number 181, g__Gemella_s__sanguinis
2025-06-14 13:45:12.296431 INFO::Fitting model to feature number 182, g__Haemophilus_s__sp._HMT_908
2025-06-14 13:45:12.297919 INFO::Fitting model to feature number 183, g__Weeksellaceae_.G.1._s__sp._HMT_907
2025-06-14 13:45:12.299733 INFO::Fitting model to feature number 184, g__Capnocytophaga_s__sp._HMT_324
2025-06-14 13:45:12.306659 INFO::Fitting model to feature number 185, g__Peptostreptococcaceae_.G.4._s__bacterium_HMT_369
2025-06-14 13:45:12.308275 INFO::Fitting model to feature number 186, g__Limosilactobacillus_s__fermentum
2025-06-14 13:45:12.320711 INFO::Fitting model to feature number 187, g__Alloprevotella_s__sp._HMT_913
2025-06-14 13:45:12.323323 INFO::Fitting model to feature number 188, g__Alloprevotella_s__rava
2025-06-14 13:45:12.326873 INFO::Fitting model to feature number 189, g__Porphyromonas_s__sp._HMT_275
2025-06-14 13:45:12.329506 INFO::Fitting model to feature number 190, g__Absconditabacteria_.SR1._.G.1._s__bacterium_HMT_874
2025-06-14 13:45:12.331339 INFO::Fitting model to feature number 191, g__Weeksellaceae_.G.1._s__sp._HMT_900
2025-06-14 13:45:12.333003 INFO::Fitting model to feature number 192, g__Selenomonas_s__sp._HMT_138
2025-06-14 13:45:12.346768 INFO::Fitting model to feature number 193, g__Saccharibacteria_.TM7._.G.1._s__bacterium_HMT_957
2025-06-14 13:45:12.348954 INFO::Fitting model to feature number 194, g__Mogibacterium_s__vescum
2025-06-14 13:45:12.353058 INFO::Fitting model to feature number 195, g__Prevotella_s__sp._HMT_314
2025-06-14 13:45:12.356253 INFO::Fitting model to feature number 196, g__Selenomonas_s__sp._HMT_137
2025-06-14 13:45:12.358165 INFO::Fitting model to feature number 197, g__Lachnoanaerobaculum_s__orale
2025-06-14 13:45:12.360382 INFO::Fitting model to feature number 198, g__Slackia_s__exigua
2025-06-14 13:45:12.363412 INFO::Fitting model to feature number 199, g__Schaalia_s__sp._HMT_178
2025-06-14 13:45:12.365246 INFO::Fitting model to feature number 200, g__Selenomonas_s__flueggei
2025-06-14 13:45:12.367006 INFO::Fitting model to feature number 201, g__Tannerella_s__sp._HMT_808
2025-06-14 13:45:12.369678 INFO::Fitting model to feature number 202, g__Absconditabacteria_.SR1._.G.1._s__bacterium_HMT_345
2025-06-14 13:45:12.371567 INFO::Fitting model to feature number 203, g__Veillonellaceae_.G.1._s__bacterium_HMT_155
2025-06-14 13:45:12.376833 INFO::Fitting model to feature number 204, g__Prevotella_s__sp._HMT_300
2025-06-14 13:45:12.379224 INFO::Fitting model to feature number 205, g__Gracilibacteria_.GN02._.G.1._s__bacterium_HMT_872
2025-06-14 13:45:12.381425 INFO::Fitting model to feature number 206, g__Actinomyces_s__dentalis
2025-06-14 13:45:12.383064 INFO::Fitting model to feature number 207, g__Selenomonas_s__sp._HMT_126
2025-06-14 13:45:12.391226 INFO::Fitting model to feature number 208, g__Oribacterium_s__sinus
2025-06-14 13:45:12.393324 INFO::Fitting model to feature number 209, g__Prevotella_s__sp._HMT_315
2025-06-14 13:45:12.394912 INFO::Fitting model to feature number 210, g__Lachnospiraceae_.G.2._s__bacterium_HMT_088
2025-06-14 13:45:12.398555 INFO::Fitting model to feature number 211, g__Selenomonas_s__sp._HMT_919
2025-06-14 13:45:12.410224 INFO::Counting total values for each feature
2025-06-14 13:45:12.414345 INFO::Writing filtered data to file 2025-06-14maaslin2_output/features/filtered_data.tsv
2025-06-14 13:45:12.42033 INFO::Writing filtered, normalized data to file 2025-06-14maaslin2_output/features/filtered_data_norm.tsv
2025-06-14 13:45:12.426927 INFO::Writing filtered, normalized, transformed data to file 2025-06-14maaslin2_output/features/filtered_data_norm_transformed.tsv
2025-06-14 13:45:12.435836 WARNING::Deleting existing residuals file: 2025-06-14maaslin2_output/fits/residuals.rds
2025-06-14 13:45:12.437078 INFO::Writing residuals to file 2025-06-14maaslin2_output/fits/residuals.rds
2025-06-14 13:45:12.439618 WARNING::Deleting existing fitted file: 2025-06-14maaslin2_output/fits/fitted.rds
2025-06-14 13:45:12.440629 INFO::Writing fitted values to file 2025-06-14maaslin2_output/fits/fitted.rds
2025-06-14 13:45:12.44224 INFO::Writing all results to file (ordered by increasing q-values): 2025-06-14maaslin2_output/all_results.tsv
2025-06-14 13:45:12.444253 INFO::Writing the significant results (those which are less than or equal to the threshold of 0.250000 ) to file (ordered by increasing q-values): 2025-06-14maaslin2_output/significant_results.tsv
